[2025-08-22 23:15:04] local.ERROR: SQLSTATE[HY000] [2002] Connection refused (Connection: mysql, SQL: select * from `cache` where `key` in (laravel_cache_illuminate:queue:restart)) {"exception":"[object] (Illuminate\\Database\\QueryException(code: 2002): SQLSTATE[HY000] [2002] Connection refused (Connection: mysql, SQL: select * from `cache` where `key` in (laravel_cache_illuminate:queue:restart)) at /var/www/sonzaiigi.art/vendor/laravel/framework/src/Illuminate/Database/Connection.php:822)
[stacktrace]
#0 /var/www/sonzaiigi.art/vendor/laravel/framework/src/Illuminate/Database/Connection.php(976): Illuminate\\Database\\Connection->runQueryCallback()
#1 /var/www/sonzaiigi.art/vendor/laravel/framework/src/Illuminate/Database/Connection.php(955): Illuminate\\Database\\Connection->tryAgainIfCausedByLostConnection()
#2 /var/www/sonzaiigi.art/vendor/laravel/framework/src/Illuminate/Database/Connection.php(778): Illuminate\\Database\\Connection->handleQueryException()
#3 /var/www/sonzaiigi.art/vendor/laravel/framework/src/Illuminate/Database/Connection.php(395): Illuminate\\Database\\Connection->run()
#4 /var/www/sonzaiigi.art/vendor/laravel/framework/src/Illuminate/Database/Query/Builder.php(3120): Illuminate\\Database\\Connection->select()
#5 /var/www/sonzaiigi.art/vendor/laravel/framework/src/Illuminate/Database/Query/Builder.php(3105): Illuminate\\Database\\Query\\Builder->runSelect()
#6 /var/www/sonzaiigi.art/vendor/laravel/framework/src/Illuminate/Database/Query/Builder.php(3695): Illuminate\\Database\\Query\\Builder->Illuminate\\Database\\Query\\{closure}()
#7 /var/www/sonzaiigi.art/vendor/laravel/framework/src/Illuminate/Database/Query/Builder.php(3104): Illuminate\\Database\\Query\\Builder->onceWithColumns()
#8 /var/www/sonzaiigi.art/vendor/laravel/framework/src/Illuminate/Cache/DatabaseStore.php(129): Illuminate\\Database\\Query\\Builder->get()
#9 /var/www/sonzaiigi.art/vendor/laravel/framework/src/Illuminate/Cache/DatabaseStore.php(104): Illuminate\\Cache\\DatabaseStore->many()
#10 /var/www/sonzaiigi.art/vendor/laravel/framework/src/Illuminate/Cache/Repository.php(119): Illuminate\\Cache\\DatabaseStore->get()
#11 /var/www/sonzaiigi.art/vendor/laravel/framework/src/Illuminate/Queue/Worker.php(713): Illuminate\\Cache\\Repository->get()
#12 /var/www/sonzaiigi.art/vendor/laravel/framework/src/Illuminate/Queue/Worker.php(702): Illuminate\\Queue\\Worker->getTimestampOfLastQueueRestart()
#13 /var/www/sonzaiigi.art/vendor/laravel/framework/src/Illuminate/Queue/Worker.php(308): Illuminate\\Queue\\Worker->queueShouldRestart()
#14 /var/www/sonzaiigi.art/vendor/laravel/framework/src/Illuminate/Queue/Worker.php(193): Illuminate\\Queue\\Worker->stopIfNecessary()
#15 /var/www/sonzaiigi.art/vendor/laravel/framework/src/Illuminate/Queue/Console/WorkCommand.php(148): Illuminate\\Queue\\Worker->daemon()
#16 /var/www/sonzaiigi.art/vendor/laravel/framework/src/Illuminate/Queue/Console/WorkCommand.php(131): Illuminate\\Queue\\Console\\WorkCommand->runWorker()
#17 /var/www/sonzaiigi.art/vendor/laravel/framework/src/Illuminate/Container/BoundMethod.php(36): Illuminate\\Queue\\Console\\WorkCommand->handle()
#18 /var/www/sonzaiigi.art/vendor/laravel/framework/src/Illuminate/Container/Util.php(43): Illuminate\\Container\\BoundMethod::Illuminate\\Container\\{closure}()
#19 /var/www/sonzaiigi.art/vendor/laravel/framework/src/Illuminate/Container/BoundMethod.php(96): Illuminate\\Container\\Util::unwrapIfClosure()
#20 /var/www/sonzaiigi.art/vendor/laravel/framework/src/Illuminate/Container/BoundMethod.php(35): Illuminate\\Container\\BoundMethod::callBoundMethod()
#21 /var/www/sonzaiigi.art/vendor/laravel/framework/src/Illuminate/Container/Container.php(754): Illuminate\\Container\\BoundMethod::call()
#22 /var/www/sonzaiigi.art/vendor/laravel/framework/src/Illuminate/Console/Command.php(211): Illuminate\\Container\\Container->call()
#23 /var/www/sonzaiigi.art/vendor/symfony/console/Command/Command.php(279): Illuminate\\Console\\Command->execute()
#24 /var/www/sonzaiigi.art/vendor/laravel/framework/src/Illuminate/Console/Command.php(180): Symfony\\Component\\Console\\Command\\Command->run()
#25 /var/www/sonzaiigi.art/vendor/symfony/console/Application.php(1094): Illuminate\\Console\\Command->run()
#26 /var/www/sonzaiigi.art/vendor/symfony/console/Application.php(342): Symfony\\Component\\Console\\Application->doRunCommand()
#27 /var/www/sonzaiigi.art/vendor/symfony/console/Application.php(193): Symfony\\Component\\Console\\Application->doRun()
#28 /var/www/sonzaiigi.art/vendor/laravel/framework/src/Illuminate/Foundation/Console/Kernel.php(197): Symfony\\Component\\Console\\Application->run()
#29 /var/www/sonzaiigi.art/vendor/laravel/framework/src/Illuminate/Foundation/Application.php(1234): Illuminate\\Foundation\\Console\\Kernel->handle()
#30 /var/www/sonzaiigi.art/artisan(16): Illuminate\\Foundation\\Application->handleCommand()
#31 {main}

[previous exception] [object] (PDOException(code: 2002): SQLSTATE[HY000] [2002] Connection refused at /var/www/sonzaiigi.art/vendor/laravel/framework/src/Illuminate/Database/Connectors/Connector.php:66)
[stacktrace]
#0 /var/www/sonzaiigi.art/vendor/laravel/framework/src/Illuminate/Database/Connectors/Connector.php(66): PDO->__construct()
#1 /var/www/sonzaiigi.art/vendor/laravel/framework/src/Illuminate/Database/Connectors/Connector.php(85): Illuminate\\Database\\Connectors\\Connector->createPdoConnection()
#2 /var/www/sonzaiigi.art/vendor/laravel/framework/src/Illuminate/Database/Connectors/Connector.php(48): Illuminate\\Database\\Connectors\\Connector->tryAgainIfCausedByLostConnection()
#3 /var/www/sonzaiigi.art/vendor/laravel/framework/src/Illuminate/Database/Connectors/MySqlConnector.php(24): Illuminate\\Database\\Connectors\\Connector->createConnection()
#4 /var/www/sonzaiigi.art/vendor/laravel/framework/src/Illuminate/Database/Connectors/ConnectionFactory.php(184): Illuminate\\Database\\Connectors\\MySqlConnector->connect()
#5 [internal function]: Illuminate\\Database\\Connectors\\ConnectionFactory->Illuminate\\Database\\Connectors\\{closure}()
#6 /var/www/sonzaiigi.art/vendor/laravel/framework/src/Illuminate/Database/Connection.php(1228): call_user_func()
#7 /var/www/sonzaiigi.art/vendor/laravel/framework/src/Illuminate/Database/Connection.php(1264): Illuminate\\Database\\Connection->getPdo()
#8 /var/www/sonzaiigi.art/vendor/laravel/framework/src/Illuminate/Database/Connection.php(509): Illuminate\\Database\\Connection->getReadPdo()
#9 /var/www/sonzaiigi.art/vendor/laravel/framework/src/Illuminate/Database/Connection.php(404): Illuminate\\Database\\Connection->getPdoForSelect()
#10 /var/www/sonzaiigi.art/vendor/laravel/framework/src/Illuminate/Database/Connection.php(809): Illuminate\\Database\\Connection->Illuminate\\Database\\{closure}()
#11 /var/www/sonzaiigi.art/vendor/laravel/framework/src/Illuminate/Database/Connection.php(976): Illuminate\\Database\\Connection->runQueryCallback()
#12 /var/www/sonzaiigi.art/vendor/laravel/framework/src/Illuminate/Database/Connection.php(955): Illuminate\\Database\\Connection->tryAgainIfCausedByLostConnection()
#13 /var/www/sonzaiigi.art/vendor/laravel/framework/src/Illuminate/Database/Connection.php(778): Illuminate\\Database\\Connection->handleQueryException()
#14 /var/www/sonzaiigi.art/vendor/laravel/framework/src/Illuminate/Database/Connection.php(395): Illuminate\\Database\\Connection->run()
#15 /var/www/sonzaiigi.art/vendor/laravel/framework/src/Illuminate/Database/Query/Builder.php(3120): Illuminate\\Database\\Connection->select()
#16 /var/www/sonzaiigi.art/vendor/laravel/framework/src/Illuminate/Database/Query/Builder.php(3105): Illuminate\\Database\\Query\\Builder->runSelect()
#17 /var/www/sonzaiigi.art/vendor/laravel/framework/src/Illuminate/Database/Query/Builder.php(3695): Illuminate\\Database\\Query\\Builder->Illuminate\\Database\\Query\\{closure}()
#18 /var/www/sonzaiigi.art/vendor/laravel/framework/src/Illuminate/Database/Query/Builder.php(3104): Illuminate\\Database\\Query\\Builder->onceWithColumns()
#19 /var/www/sonzaiigi.art/vendor/laravel/framework/src/Illuminate/Cache/DatabaseStore.php(129): Illuminate\\Database\\Query\\Builder->get()
#20 /var/www/sonzaiigi.art/vendor/laravel/framework/src/Illuminate/Cache/DatabaseStore.php(104): Illuminate\\Cache\\DatabaseStore->many()
#21 /var/www/sonzaiigi.art/vendor/laravel/framework/src/Illuminate/Cache/Repository.php(119): Illuminate\\Cache\\DatabaseStore->get()
#22 /var/www/sonzaiigi.art/vendor/laravel/framework/src/Illuminate/Queue/Worker.php(713): Illuminate\\Cache\\Repository->get()
#23 /var/www/sonzaiigi.art/vendor/laravel/framework/src/Illuminate/Queue/Worker.php(702): Illuminate\\Queue\\Worker->getTimestampOfLastQueueRestart()
#24 /var/www/sonzaiigi.art/vendor/laravel/framework/src/Illuminate/Queue/Worker.php(308): Illuminate\\Queue\\Worker->queueShouldRestart()
#25 /var/www/sonzaiigi.art/vendor/laravel/framework/src/Illuminate/Queue/Worker.php(193): Illuminate\\Queue\\Worker->stopIfNecessary()
#26 /var/www/sonzaiigi.art/vendor/laravel/framework/src/Illuminate/Queue/Console/WorkCommand.php(148): Illuminate\\Queue\\Worker->daemon()
#27 /var/www/sonzaiigi.art/vendor/laravel/framework/src/Illuminate/Queue/Console/WorkCommand.php(131): Illuminate\\Queue\\Console\\WorkCommand->runWorker()
#28 /var/www/sonzaiigi.art/vendor/laravel/framework/src/Illuminate/Container/BoundMethod.php(36): Illuminate\\Queue\\Console\\WorkCommand->handle()
#29 /var/www/sonzaiigi.art/vendor/laravel/framework/src/Illuminate/Container/Util.php(43): Illuminate\\Container\\BoundMethod::Illuminate\\Container\\{closure}()
#30 /var/www/sonzaiigi.art/vendor/laravel/framework/src/Illuminate/Container/BoundMethod.php(96): Illuminate\\Container\\Util::unwrapIfClosure()
#31 /var/www/sonzaiigi.art/vendor/laravel/framework/src/Illuminate/Container/BoundMethod.php(35): Illuminate\\Container\\BoundMethod::callBoundMethod()
#32 /var/www/sonzaiigi.art/vendor/laravel/framework/src/Illuminate/Container/Container.php(754): Illuminate\\Container\\BoundMethod::call()
#33 /var/www/sonzaiigi.art/vendor/laravel/framework/src/Illuminate/Console/Command.php(211): Illuminate\\Container\\Container->call()
#34 /var/www/sonzaiigi.art/vendor/symfony/console/Command/Command.php(279): Illuminate\\Console\\Command->execute()
#35 /var/www/sonzaiigi.art/vendor/laravel/framework/src/Illuminate/Console/Command.php(180): Symfony\\Component\\Console\\Command\\Command->run()
#36 /var/www/sonzaiigi.art/vendor/symfony/console/Application.php(1094): Illuminate\\Console\\Command->run()
#37 /var/www/sonzaiigi.art/vendor/symfony/console/Application.php(342): Symfony\\Component\\Console\\Application->doRunCommand()
#38 /var/www/sonzaiigi.art/vendor/symfony/console/Application.php(193): Symfony\\Component\\Console\\Application->doRun()
#39 /var/www/sonzaiigi.art/vendor/laravel/framework/src/Illuminate/Foundation/Console/Kernel.php(197): Symfony\\Component\\Console\\Application->run()
#40 /var/www/sonzaiigi.art/vendor/laravel/framework/src/Illuminate/Foundation/Application.php(1234): Illuminate\\Foundation\\Console\\Kernel->handle()
#41 /var/www/sonzaiigi.art/artisan(16): Illuminate\\Foundation\\Application->handleCommand()
#42 {main}
"} 
[2025-08-22 23:15:04] local.ERROR: SQLSTATE[HY000] [2002] Connection refused (Connection: mysql, SQL: select * from `cache` where `key` in (laravel_cache_illuminate:queue:restart)) {"exception":"[object] (Illuminate\\Database\\QueryException(code: 2002): SQLSTATE[HY000] [2002] Connection refused (Connection: mysql, SQL: select * from `cache` where `key` in (laravel_cache_illuminate:queue:restart)) at /var/www/sonzaiigi.art/vendor/laravel/framework/src/Illuminate/Database/Connection.php:822)
[stacktrace]
#0 /var/www/sonzaiigi.art/vendor/laravel/framework/src/Illuminate/Database/Connection.php(976): Illuminate\\Database\\Connection->runQueryCallback()
#1 /var/www/sonzaiigi.art/vendor/laravel/framework/src/Illuminate/Database/Connection.php(955): Illuminate\\Database\\Connection->tryAgainIfCausedByLostConnection()
#2 /var/www/sonzaiigi.art/vendor/laravel/framework/src/Illuminate/Database/Connection.php(778): Illuminate\\Database\\Connection->handleQueryException()
#3 /var/www/sonzaiigi.art/vendor/laravel/framework/src/Illuminate/Database/Connection.php(395): Illuminate\\Database\\Connection->run()
#4 /var/www/sonzaiigi.art/vendor/laravel/framework/src/Illuminate/Database/Query/Builder.php(3120): Illuminate\\Database\\Connection->select()
#5 /var/www/sonzaiigi.art/vendor/laravel/framework/src/Illuminate/Database/Query/Builder.php(3105): Illuminate\\Database\\Query\\Builder->runSelect()
#6 /var/www/sonzaiigi.art/vendor/laravel/framework/src/Illuminate/Database/Query/Builder.php(3695): Illuminate\\Database\\Query\\Builder->Illuminate\\Database\\Query\\{closure}()
#7 /var/www/sonzaiigi.art/vendor/laravel/framework/src/Illuminate/Database/Query/Builder.php(3104): Illuminate\\Database\\Query\\Builder->onceWithColumns()
#8 /var/www/sonzaiigi.art/vendor/laravel/framework/src/Illuminate/Cache/DatabaseStore.php(129): Illuminate\\Database\\Query\\Builder->get()
#9 /var/www/sonzaiigi.art/vendor/laravel/framework/src/Illuminate/Cache/DatabaseStore.php(104): Illuminate\\Cache\\DatabaseStore->many()
#10 /var/www/sonzaiigi.art/vendor/laravel/framework/src/Illuminate/Cache/Repository.php(119): Illuminate\\Cache\\DatabaseStore->get()
#11 /var/www/sonzaiigi.art/vendor/laravel/framework/src/Illuminate/Queue/Worker.php(713): Illuminate\\Cache\\Repository->get()
#12 /var/www/sonzaiigi.art/vendor/laravel/framework/src/Illuminate/Queue/Worker.php(702): Illuminate\\Queue\\Worker->getTimestampOfLastQueueRestart()
#13 /var/www/sonzaiigi.art/vendor/laravel/framework/src/Illuminate/Queue/Worker.php(308): Illuminate\\Queue\\Worker->queueShouldRestart()
#14 /var/www/sonzaiigi.art/vendor/laravel/framework/src/Illuminate/Queue/Worker.php(193): Illuminate\\Queue\\Worker->stopIfNecessary()
#15 /var/www/sonzaiigi.art/vendor/laravel/framework/src/Illuminate/Queue/Console/WorkCommand.php(148): Illuminate\\Queue\\Worker->daemon()
#16 /var/www/sonzaiigi.art/vendor/laravel/framework/src/Illuminate/Queue/Console/WorkCommand.php(131): Illuminate\\Queue\\Console\\WorkCommand->runWorker()
#17 /var/www/sonzaiigi.art/vendor/laravel/framework/src/Illuminate/Container/BoundMethod.php(36): Illuminate\\Queue\\Console\\WorkCommand->handle()
#18 /var/www/sonzaiigi.art/vendor/laravel/framework/src/Illuminate/Container/Util.php(43): Illuminate\\Container\\BoundMethod::Illuminate\\Container\\{closure}()
#19 /var/www/sonzaiigi.art/vendor/laravel/framework/src/Illuminate/Container/BoundMethod.php(96): Illuminate\\Container\\Util::unwrapIfClosure()
#20 /var/www/sonzaiigi.art/vendor/laravel/framework/src/Illuminate/Container/BoundMethod.php(35): Illuminate\\Container\\BoundMethod::callBoundMethod()
#21 /var/www/sonzaiigi.art/vendor/laravel/framework/src/Illuminate/Container/Container.php(754): Illuminate\\Container\\BoundMethod::call()
#22 /var/www/sonzaiigi.art/vendor/laravel/framework/src/Illuminate/Console/Command.php(211): Illuminate\\Container\\Container->call()
#23 /var/www/sonzaiigi.art/vendor/symfony/console/Command/Command.php(279): Illuminate\\Console\\Command->execute()
#24 /var/www/sonzaiigi.art/vendor/laravel/framework/src/Illuminate/Console/Command.php(180): Symfony\\Component\\Console\\Command\\Command->run()
#25 /var/www/sonzaiigi.art/vendor/symfony/console/Application.php(1094): Illuminate\\Console\\Command->run()
#26 /var/www/sonzaiigi.art/vendor/symfony/console/Application.php(342): Symfony\\Component\\Console\\Application->doRunCommand()
#27 /var/www/sonzaiigi.art/vendor/symfony/console/Application.php(193): Symfony\\Component\\Console\\Application->doRun()
#28 /var/www/sonzaiigi.art/vendor/laravel/framework/src/Illuminate/Foundation/Console/Kernel.php(197): Symfony\\Component\\Console\\Application->run()
#29 /var/www/sonzaiigi.art/vendor/laravel/framework/src/Illuminate/Foundation/Application.php(1234): Illuminate\\Foundation\\Console\\Kernel->handle()
#30 /var/www/sonzaiigi.art/artisan(16): Illuminate\\Foundation\\Application->handleCommand()
#31 {main}

[previous exception] [object] (PDOException(code: 2002): SQLSTATE[HY000] [2002] Connection refused at /var/www/sonzaiigi.art/vendor/laravel/framework/src/Illuminate/Database/Connectors/Connector.php:66)
[stacktrace]
#0 /var/www/sonzaiigi.art/vendor/laravel/framework/src/Illuminate/Database/Connectors/Connector.php(66): PDO->__construct()
#1 /var/www/sonzaiigi.art/vendor/laravel/framework/src/Illuminate/Database/Connectors/Connector.php(85): Illuminate\\Database\\Connectors\\Connector->createPdoConnection()
#2 /var/www/sonzaiigi.art/vendor/laravel/framework/src/Illuminate/Database/Connectors/Connector.php(48): Illuminate\\Database\\Connectors\\Connector->tryAgainIfCausedByLostConnection()
#3 /var/www/sonzaiigi.art/vendor/laravel/framework/src/Illuminate/Database/Connectors/MySqlConnector.php(24): Illuminate\\Database\\Connectors\\Connector->createConnection()
#4 /var/www/sonzaiigi.art/vendor/laravel/framework/src/Illuminate/Database/Connectors/ConnectionFactory.php(184): Illuminate\\Database\\Connectors\\MySqlConnector->connect()
#5 [internal function]: Illuminate\\Database\\Connectors\\ConnectionFactory->Illuminate\\Database\\Connectors\\{closure}()
#6 /var/www/sonzaiigi.art/vendor/laravel/framework/src/Illuminate/Database/Connection.php(1228): call_user_func()
#7 /var/www/sonzaiigi.art/vendor/laravel/framework/src/Illuminate/Database/Connection.php(1264): Illuminate\\Database\\Connection->getPdo()
#8 /var/www/sonzaiigi.art/vendor/laravel/framework/src/Illuminate/Database/Connection.php(509): Illuminate\\Database\\Connection->getReadPdo()
#9 /var/www/sonzaiigi.art/vendor/laravel/framework/src/Illuminate/Database/Connection.php(404): Illuminate\\Database\\Connection->getPdoForSelect()
#10 /var/www/sonzaiigi.art/vendor/laravel/framework/src/Illuminate/Database/Connection.php(809): Illuminate\\Database\\Connection->Illuminate\\Database\\{closure}()
#11 /var/www/sonzaiigi.art/vendor/laravel/framework/src/Illuminate/Database/Connection.php(976): Illuminate\\Database\\Connection->runQueryCallback()
#12 /var/www/sonzaiigi.art/vendor/laravel/framework/src/Illuminate/Database/Connection.php(955): Illuminate\\Database\\Connection->tryAgainIfCausedByLostConnection()
#13 /var/www/sonzaiigi.art/vendor/laravel/framework/src/Illuminate/Database/Connection.php(778): Illuminate\\Database\\Connection->handleQueryException()
#14 /var/www/sonzaiigi.art/vendor/laravel/framework/src/Illuminate/Database/Connection.php(395): Illuminate\\Database\\Connection->run()
#15 /var/www/sonzaiigi.art/vendor/laravel/framework/src/Illuminate/Database/Query/Builder.php(3120): Illuminate\\Database\\Connection->select()
#16 /var/www/sonzaiigi.art/vendor/laravel/framework/src/Illuminate/Database/Query/Builder.php(3105): Illuminate\\Database\\Query\\Builder->runSelect()
#17 /var/www/sonzaiigi.art/vendor/laravel/framework/src/Illuminate/Database/Query/Builder.php(3695): Illuminate\\Database\\Query\\Builder->Illuminate\\Database\\Query\\{closure}()
#18 /var/www/sonzaiigi.art/vendor/laravel/framework/src/Illuminate/Database/Query/Builder.php(3104): Illuminate\\Database\\Query\\Builder->onceWithColumns()
#19 /var/www/sonzaiigi.art/vendor/laravel/framework/src/Illuminate/Cache/DatabaseStore.php(129): Illuminate\\Database\\Query\\Builder->get()
#20 /var/www/sonzaiigi.art/vendor/laravel/framework/src/Illuminate/Cache/DatabaseStore.php(104): Illuminate\\Cache\\DatabaseStore->many()
#21 /var/www/sonzaiigi.art/vendor/laravel/framework/src/Illuminate/Cache/Repository.php(119): Illuminate\\Cache\\DatabaseStore->get()
#22 /var/www/sonzaiigi.art/vendor/laravel/framework/src/Illuminate/Queue/Worker.php(713): Illuminate\\Cache\\Repository->get()
#23 /var/www/sonzaiigi.art/vendor/laravel/framework/src/Illuminate/Queue/Worker.php(702): Illuminate\\Queue\\Worker->getTimestampOfLastQueueRestart()
#24 /var/www/sonzaiigi.art/vendor/laravel/framework/src/Illuminate/Queue/Worker.php(308): Illuminate\\Queue\\Worker->queueShouldRestart()
#25 /var/www/sonzaiigi.art/vendor/laravel/framework/src/Illuminate/Queue/Worker.php(193): Illuminate\\Queue\\Worker->stopIfNecessary()
#26 /var/www/sonzaiigi.art/vendor/laravel/framework/src/Illuminate/Queue/Console/WorkCommand.php(148): Illuminate\\Queue\\Worker->daemon()
#27 /var/www/sonzaiigi.art/vendor/laravel/framework/src/Illuminate/Queue/Console/WorkCommand.php(131): Illuminate\\Queue\\Console\\WorkCommand->runWorker()
#28 /var/www/sonzaiigi.art/vendor/laravel/framework/src/Illuminate/Container/BoundMethod.php(36): Illuminate\\Queue\\Console\\WorkCommand->handle()
#29 /var/www/sonzaiigi.art/vendor/laravel/framework/src/Illuminate/Container/Util.php(43): Illuminate\\Container\\BoundMethod::Illuminate\\Container\\{closure}()
#30 /var/www/sonzaiigi.art/vendor/laravel/framework/src/Illuminate/Container/BoundMethod.php(96): Illuminate\\Container\\Util::unwrapIfClosure()
#31 /var/www/sonzaiigi.art/vendor/laravel/framework/src/Illuminate/Container/BoundMethod.php(35): Illuminate\\Container\\BoundMethod::callBoundMethod()
#32 /var/www/sonzaiigi.art/vendor/laravel/framework/src/Illuminate/Container/Container.php(754): Illuminate\\Container\\BoundMethod::call()
#33 /var/www/sonzaiigi.art/vendor/laravel/framework/src/Illuminate/Console/Command.php(211): Illuminate\\Container\\Container->call()
#34 /var/www/sonzaiigi.art/vendor/symfony/console/Command/Command.php(279): Illuminate\\Console\\Command->execute()
#35 /var/www/sonzaiigi.art/vendor/laravel/framework/src/Illuminate/Console/Command.php(180): Symfony\\Component\\Console\\Command\\Command->run()
#36 /var/www/sonzaiigi.art/vendor/symfony/console/Application.php(1094): Illuminate\\Console\\Command->run()
#37 /var/www/sonzaiigi.art/vendor/symfony/console/Application.php(342): Symfony\\Component\\Console\\Application->doRunCommand()
#38 /var/www/sonzaiigi.art/vendor/symfony/console/Application.php(193): Symfony\\Component\\Console\\Application->doRun()
#39 /var/www/sonzaiigi.art/vendor/laravel/framework/src/Illuminate/Foundation/Console/Kernel.php(197): Symfony\\Component\\Console\\Application->run()
#40 /var/www/sonzaiigi.art/vendor/laravel/framework/src/Illuminate/Foundation/Application.php(1234): Illuminate\\Foundation\\Console\\Kernel->handle()
#41 /var/www/sonzaiigi.art/artisan(16): Illuminate\\Foundation\\Application->handleCommand()
#42 {main}
"} 
[2025-08-22 23:15:04] local.ERROR: SQLSTATE[HY000] [2002] Connection refused (Connection: mysql, SQL: select * from `cache` where `key` in (laravel_cache_illuminate:queue:restart)) {"exception":"[object] (Illuminate\\Database\\QueryException(code: 2002): SQLSTATE[HY000] [2002] Connection refused (Connection: mysql, SQL: select * from `cache` where `key` in (laravel_cache_illuminate:queue:restart)) at /var/www/sonzaiigi.art/vendor/laravel/framework/src/Illuminate/Database/Connection.php:822)
[stacktrace]
#0 /var/www/sonzaiigi.art/vendor/laravel/framework/src/Illuminate/Database/Connection.php(976): Illuminate\\Database\\Connection->runQueryCallback()
#1 /var/www/sonzaiigi.art/vendor/laravel/framework/src/Illuminate/Database/Connection.php(955): Illuminate\\Database\\Connection->tryAgainIfCausedByLostConnection()
#2 /var/www/sonzaiigi.art/vendor/laravel/framework/src/Illuminate/Database/Connection.php(778): Illuminate\\Database\\Connection->handleQueryException()
#3 /var/www/sonzaiigi.art/vendor/laravel/framework/src/Illuminate/Database/Connection.php(395): Illuminate\\Database\\Connection->run()
#4 /var/www/sonzaiigi.art/vendor/laravel/framework/src/Illuminate/Database/Query/Builder.php(3120): Illuminate\\Database\\Connection->select()
#5 /var/www/sonzaiigi.art/vendor/laravel/framework/src/Illuminate/Database/Query/Builder.php(3105): Illuminate\\Database\\Query\\Builder->runSelect()
#6 /var/www/sonzaiigi.art/vendor/laravel/framework/src/Illuminate/Database/Query/Builder.php(3695): Illuminate\\Database\\Query\\Builder->Illuminate\\Database\\Query\\{closure}()
#7 /var/www/sonzaiigi.art/vendor/laravel/framework/src/Illuminate/Database/Query/Builder.php(3104): Illuminate\\Database\\Query\\Builder->onceWithColumns()
#8 /var/www/sonzaiigi.art/vendor/laravel/framework/src/Illuminate/Cache/DatabaseStore.php(129): Illuminate\\Database\\Query\\Builder->get()
#9 /var/www/sonzaiigi.art/vendor/laravel/framework/src/Illuminate/Cache/DatabaseStore.php(104): Illuminate\\Cache\\DatabaseStore->many()
#10 /var/www/sonzaiigi.art/vendor/laravel/framework/src/Illuminate/Cache/Repository.php(119): Illuminate\\Cache\\DatabaseStore->get()
#11 /var/www/sonzaiigi.art/vendor/laravel/framework/src/Illuminate/Queue/Worker.php(713): Illuminate\\Cache\\Repository->get()
#12 /var/www/sonzaiigi.art/vendor/laravel/framework/src/Illuminate/Queue/Worker.php(702): Illuminate\\Queue\\Worker->getTimestampOfLastQueueRestart()
#13 /var/www/sonzaiigi.art/vendor/laravel/framework/src/Illuminate/Queue/Worker.php(308): Illuminate\\Queue\\Worker->queueShouldRestart()
#14 /var/www/sonzaiigi.art/vendor/laravel/framework/src/Illuminate/Queue/Worker.php(193): Illuminate\\Queue\\Worker->stopIfNecessary()
#15 /var/www/sonzaiigi.art/vendor/laravel/framework/src/Illuminate/Queue/Console/WorkCommand.php(148): Illuminate\\Queue\\Worker->daemon()
#16 /var/www/sonzaiigi.art/vendor/laravel/framework/src/Illuminate/Queue/Console/WorkCommand.php(131): Illuminate\\Queue\\Console\\WorkCommand->runWorker()
#17 /var/www/sonzaiigi.art/vendor/laravel/framework/src/Illuminate/Container/BoundMethod.php(36): Illuminate\\Queue\\Console\\WorkCommand->handle()
#18 /var/www/sonzaiigi.art/vendor/laravel/framework/src/Illuminate/Container/Util.php(43): Illuminate\\Container\\BoundMethod::Illuminate\\Container\\{closure}()
#19 /var/www/sonzaiigi.art/vendor/laravel/framework/src/Illuminate/Container/BoundMethod.php(96): Illuminate\\Container\\Util::unwrapIfClosure()
#20 /var/www/sonzaiigi.art/vendor/laravel/framework/src/Illuminate/Container/BoundMethod.php(35): Illuminate\\Container\\BoundMethod::callBoundMethod()
#21 /var/www/sonzaiigi.art/vendor/laravel/framework/src/Illuminate/Container/Container.php(754): Illuminate\\Container\\BoundMethod::call()
#22 /var/www/sonzaiigi.art/vendor/laravel/framework/src/Illuminate/Console/Command.php(211): Illuminate\\Container\\Container->call()
#23 /var/www/sonzaiigi.art/vendor/symfony/console/Command/Command.php(279): Illuminate\\Console\\Command->execute()
#24 /var/www/sonzaiigi.art/vendor/laravel/framework/src/Illuminate/Console/Command.php(180): Symfony\\Component\\Console\\Command\\Command->run()
#25 /var/www/sonzaiigi.art/vendor/symfony/console/Application.php(1094): Illuminate\\Console\\Command->run()
#26 /var/www/sonzaiigi.art/vendor/symfony/console/Application.php(342): Symfony\\Component\\Console\\Application->doRunCommand()
#27 /var/www/sonzaiigi.art/vendor/symfony/console/Application.php(193): Symfony\\Component\\Console\\Application->doRun()
#28 /var/www/sonzaiigi.art/vendor/laravel/framework/src/Illuminate/Foundation/Console/Kernel.php(197): Symfony\\Component\\Console\\Application->run()
#29 /var/www/sonzaiigi.art/vendor/laravel/framework/src/Illuminate/Foundation/Application.php(1234): Illuminate\\Foundation\\Console\\Kernel->handle()
#30 /var/www/sonzaiigi.art/artisan(16): Illuminate\\Foundation\\Application->handleCommand()
#31 {main}

[previous exception] [object] (PDOException(code: 2002): SQLSTATE[HY000] [2002] Connection refused at /var/www/sonzaiigi.art/vendor/laravel/framework/src/Illuminate/Database/Connectors/Connector.php:66)
[stacktrace]
#0 /var/www/sonzaiigi.art/vendor/laravel/framework/src/Illuminate/Database/Connectors/Connector.php(66): PDO->__construct()
#1 /var/www/sonzaiigi.art/vendor/laravel/framework/src/Illuminate/Database/Connectors/Connector.php(85): Illuminate\\Database\\Connectors\\Connector->createPdoConnection()
#2 /var/www/sonzaiigi.art/vendor/laravel/framework/src/Illuminate/Database/Connectors/Connector.php(48): Illuminate\\Database\\Connectors\\Connector->tryAgainIfCausedByLostConnection()
#3 /var/www/sonzaiigi.art/vendor/laravel/framework/src/Illuminate/Database/Connectors/MySqlConnector.php(24): Illuminate\\Database\\Connectors\\Connector->createConnection()
#4 /var/www/sonzaiigi.art/vendor/laravel/framework/src/Illuminate/Database/Connectors/ConnectionFactory.php(184): Illuminate\\Database\\Connectors\\MySqlConnector->connect()
#5 [internal function]: Illuminate\\Database\\Connectors\\ConnectionFactory->Illuminate\\Database\\Connectors\\{closure}()
#6 /var/www/sonzaiigi.art/vendor/laravel/framework/src/Illuminate/Database/Connection.php(1228): call_user_func()
#7 /var/www/sonzaiigi.art/vendor/laravel/framework/src/Illuminate/Database/Connection.php(1264): Illuminate\\Database\\Connection->getPdo()
#8 /var/www/sonzaiigi.art/vendor/laravel/framework/src/Illuminate/Database/Connection.php(509): Illuminate\\Database\\Connection->getReadPdo()
#9 /var/www/sonzaiigi.art/vendor/laravel/framework/src/Illuminate/Database/Connection.php(404): Illuminate\\Database\\Connection->getPdoForSelect()
#10 /var/www/sonzaiigi.art/vendor/laravel/framework/src/Illuminate/Database/Connection.php(809): Illuminate\\Database\\Connection->Illuminate\\Database\\{closure}()
#11 /var/www/sonzaiigi.art/vendor/laravel/framework/src/Illuminate/Database/Connection.php(976): Illuminate\\Database\\Connection->runQueryCallback()
#12 /var/www/sonzaiigi.art/vendor/laravel/framework/src/Illuminate/Database/Connection.php(955): Illuminate\\Database\\Connection->tryAgainIfCausedByLostConnection()
#13 /var/www/sonzaiigi.art/vendor/laravel/framework/src/Illuminate/Database/Connection.php(778): Illuminate\\Database\\Connection->handleQueryException()
#14 /var/www/sonzaiigi.art/vendor/laravel/framework/src/Illuminate/Database/Connection.php(395): Illuminate\\Database\\Connection->run()
#15 /var/www/sonzaiigi.art/vendor/laravel/framework/src/Illuminate/Database/Query/Builder.php(3120): Illuminate\\Database\\Connection->select()
#16 /var/www/sonzaiigi.art/vendor/laravel/framework/src/Illuminate/Database/Query/Builder.php(3105): Illuminate\\Database\\Query\\Builder->runSelect()
#17 /var/www/sonzaiigi.art/vendor/laravel/framework/src/Illuminate/Database/Query/Builder.php(3695): Illuminate\\Database\\Query\\Builder->Illuminate\\Database\\Query\\{closure}()
#18 /var/www/sonzaiigi.art/vendor/laravel/framework/src/Illuminate/Database/Query/Builder.php(3104): Illuminate\\Database\\Query\\Builder->onceWithColumns()
#19 /var/www/sonzaiigi.art/vendor/laravel/framework/src/Illuminate/Cache/DatabaseStore.php(129): Illuminate\\Database\\Query\\Builder->get()
#20 /var/www/sonzaiigi.art/vendor/laravel/framework/src/Illuminate/Cache/DatabaseStore.php(104): Illuminate\\Cache\\DatabaseStore->many()
#21 /var/www/sonzaiigi.art/vendor/laravel/framework/src/Illuminate/Cache/Repository.php(119): Illuminate\\Cache\\DatabaseStore->get()
#22 /var/www/sonzaiigi.art/vendor/laravel/framework/src/Illuminate/Queue/Worker.php(713): Illuminate\\Cache\\Repository->get()
#23 /var/www/sonzaiigi.art/vendor/laravel/framework/src/Illuminate/Queue/Worker.php(702): Illuminate\\Queue\\Worker->getTimestampOfLastQueueRestart()
#24 /var/www/sonzaiigi.art/vendor/laravel/framework/src/Illuminate/Queue/Worker.php(308): Illuminate\\Queue\\Worker->queueShouldRestart()
#25 /var/www/sonzaiigi.art/vendor/laravel/framework/src/Illuminate/Queue/Worker.php(193): Illuminate\\Queue\\Worker->stopIfNecessary()
#26 /var/www/sonzaiigi.art/vendor/laravel/framework/src/Illuminate/Queue/Console/WorkCommand.php(148): Illuminate\\Queue\\Worker->daemon()
#27 /var/www/sonzaiigi.art/vendor/laravel/framework/src/Illuminate/Queue/Console/WorkCommand.php(131): Illuminate\\Queue\\Console\\WorkCommand->runWorker()
#28 /var/www/sonzaiigi.art/vendor/laravel/framework/src/Illuminate/Container/BoundMethod.php(36): Illuminate\\Queue\\Console\\WorkCommand->handle()
#29 /var/www/sonzaiigi.art/vendor/laravel/framework/src/Illuminate/Container/Util.php(43): Illuminate\\Container\\BoundMethod::Illuminate\\Container\\{closure}()
#30 /var/www/sonzaiigi.art/vendor/laravel/framework/src/Illuminate/Container/BoundMethod.php(96): Illuminate\\Container\\Util::unwrapIfClosure()
#31 /var/www/sonzaiigi.art/vendor/laravel/framework/src/Illuminate/Container/BoundMethod.php(35): Illuminate\\Container\\BoundMethod::callBoundMethod()
#32 /var/www/sonzaiigi.art/vendor/laravel/framework/src/Illuminate/Container/Container.php(754): Illuminate\\Container\\BoundMethod::call()
#33 /var/www/sonzaiigi.art/vendor/laravel/framework/src/Illuminate/Console/Command.php(211): Illuminate\\Container\\Container->call()
#34 /var/www/sonzaiigi.art/vendor/symfony/console/Command/Command.php(279): Illuminate\\Console\\Command->execute()
#35 /var/www/sonzaiigi.art/vendor/laravel/framework/src/Illuminate/Console/Command.php(180): Symfony\\Component\\Console\\Command\\Command->run()
#36 /var/www/sonzaiigi.art/vendor/symfony/console/Application.php(1094): Illuminate\\Console\\Command->run()
#37 /var/www/sonzaiigi.art/vendor/symfony/console/Application.php(342): Symfony\\Component\\Console\\Application->doRunCommand()
#38 /var/www/sonzaiigi.art/vendor/symfony/console/Application.php(193): Symfony\\Component\\Console\\Application->doRun()
#39 /var/www/sonzaiigi.art/vendor/laravel/framework/src/Illuminate/Foundation/Console/Kernel.php(197): Symfony\\Component\\Console\\Application->run()
#40 /var/www/sonzaiigi.art/vendor/laravel/framework/src/Illuminate/Foundation/Application.php(1234): Illuminate\\Foundation\\Console\\Kernel->handle()
#41 /var/www/sonzaiigi.art/artisan(16): Illuminate\\Foundation\\Application->handleCommand()
#42 {main}
"} 
[2025-08-22 23:15:04] local.ERROR: SQLSTATE[HY000] [2002] Connection refused (Connection: mysql, SQL: select * from `cache` where `key` in (laravel_cache_illuminate:queue:restart)) {"exception":"[object] (Illuminate\\Database\\QueryException(code: 2002): SQLSTATE[HY000] [2002] Connection refused (Connection: mysql, SQL: select * from `cache` where `key` in (laravel_cache_illuminate:queue:restart)) at /var/www/sonzaiigi.art/vendor/laravel/framework/src/Illuminate/Database/Connection.php:822)
[stacktrace]
#0 /var/www/sonzaiigi.art/vendor/laravel/framework/src/Illuminate/Database/Connection.php(976): Illuminate\\Database\\Connection->runQueryCallback()
#1 /var/www/sonzaiigi.art/vendor/laravel/framework/src/Illuminate/Database/Connection.php(955): Illuminate\\Database\\Connection->tryAgainIfCausedByLostConnection()
#2 /var/www/sonzaiigi.art/vendor/laravel/framework/src/Illuminate/Database/Connection.php(778): Illuminate\\Database\\Connection->handleQueryException()
#3 /var/www/sonzaiigi.art/vendor/laravel/framework/src/Illuminate/Database/Connection.php(395): Illuminate\\Database\\Connection->run()
#4 /var/www/sonzaiigi.art/vendor/laravel/framework/src/Illuminate/Database/Query/Builder.php(3120): Illuminate\\Database\\Connection->select()
#5 /var/www/sonzaiigi.art/vendor/laravel/framework/src/Illuminate/Database/Query/Builder.php(3105): Illuminate\\Database\\Query\\Builder->runSelect()
#6 /var/www/sonzaiigi.art/vendor/laravel/framework/src/Illuminate/Database/Query/Builder.php(3695): Illuminate\\Database\\Query\\Builder->Illuminate\\Database\\Query\\{closure}()
#7 /var/www/sonzaiigi.art/vendor/laravel/framework/src/Illuminate/Database/Query/Builder.php(3104): Illuminate\\Database\\Query\\Builder->onceWithColumns()
#8 /var/www/sonzaiigi.art/vendor/laravel/framework/src/Illuminate/Cache/DatabaseStore.php(129): Illuminate\\Database\\Query\\Builder->get()
#9 /var/www/sonzaiigi.art/vendor/laravel/framework/src/Illuminate/Cache/DatabaseStore.php(104): Illuminate\\Cache\\DatabaseStore->many()
#10 /var/www/sonzaiigi.art/vendor/laravel/framework/src/Illuminate/Cache/Repository.php(119): Illuminate\\Cache\\DatabaseStore->get()
#11 /var/www/sonzaiigi.art/vendor/laravel/framework/src/Illuminate/Queue/Worker.php(713): Illuminate\\Cache\\Repository->get()
#12 /var/www/sonzaiigi.art/vendor/laravel/framework/src/Illuminate/Queue/Worker.php(702): Illuminate\\Queue\\Worker->getTimestampOfLastQueueRestart()
#13 /var/www/sonzaiigi.art/vendor/laravel/framework/src/Illuminate/Queue/Worker.php(308): Illuminate\\Queue\\Worker->queueShouldRestart()
#14 /var/www/sonzaiigi.art/vendor/laravel/framework/src/Illuminate/Queue/Worker.php(193): Illuminate\\Queue\\Worker->stopIfNecessary()
#15 /var/www/sonzaiigi.art/vendor/laravel/framework/src/Illuminate/Queue/Console/WorkCommand.php(148): Illuminate\\Queue\\Worker->daemon()
#16 /var/www/sonzaiigi.art/vendor/laravel/framework/src/Illuminate/Queue/Console/WorkCommand.php(131): Illuminate\\Queue\\Console\\WorkCommand->runWorker()
#17 /var/www/sonzaiigi.art/vendor/laravel/framework/src/Illuminate/Container/BoundMethod.php(36): Illuminate\\Queue\\Console\\WorkCommand->handle()
#18 /var/www/sonzaiigi.art/vendor/laravel/framework/src/Illuminate/Container/Util.php(43): Illuminate\\Container\\BoundMethod::Illuminate\\Container\\{closure}()
#19 /var/www/sonzaiigi.art/vendor/laravel/framework/src/Illuminate/Container/BoundMethod.php(96): Illuminate\\Container\\Util::unwrapIfClosure()
#20 /var/www/sonzaiigi.art/vendor/laravel/framework/src/Illuminate/Container/BoundMethod.php(35): Illuminate\\Container\\BoundMethod::callBoundMethod()
#21 /var/www/sonzaiigi.art/vendor/laravel/framework/src/Illuminate/Container/Container.php(754): Illuminate\\Container\\BoundMethod::call()
#22 /var/www/sonzaiigi.art/vendor/laravel/framework/src/Illuminate/Console/Command.php(211): Illuminate\\Container\\Container->call()
#23 /var/www/sonzaiigi.art/vendor/symfony/console/Command/Command.php(279): Illuminate\\Console\\Command->execute()
#24 /var/www/sonzaiigi.art/vendor/laravel/framework/src/Illuminate/Console/Command.php(180): Symfony\\Component\\Console\\Command\\Command->run()
#25 /var/www/sonzaiigi.art/vendor/symfony/console/Application.php(1094): Illuminate\\Console\\Command->run()
#26 /var/www/sonzaiigi.art/vendor/symfony/console/Application.php(342): Symfony\\Component\\Console\\Application->doRunCommand()
#27 /var/www/sonzaiigi.art/vendor/symfony/console/Application.php(193): Symfony\\Component\\Console\\Application->doRun()
#28 /var/www/sonzaiigi.art/vendor/laravel/framework/src/Illuminate/Foundation/Console/Kernel.php(197): Symfony\\Component\\Console\\Application->run()
#29 /var/www/sonzaiigi.art/vendor/laravel/framework/src/Illuminate/Foundation/Application.php(1234): Illuminate\\Foundation\\Console\\Kernel->handle()
#30 /var/www/sonzaiigi.art/artisan(16): Illuminate\\Foundation\\Application->handleCommand()
#31 {main}

[previous exception] [object] (PDOException(code: 2002): SQLSTATE[HY000] [2002] Connection refused at /var/www/sonzaiigi.art/vendor/laravel/framework/src/Illuminate/Database/Connectors/Connector.php:66)
[stacktrace]
#0 /var/www/sonzaiigi.art/vendor/laravel/framework/src/Illuminate/Database/Connectors/Connector.php(66): PDO->__construct()
#1 /var/www/sonzaiigi.art/vendor/laravel/framework/src/Illuminate/Database/Connectors/Connector.php(85): Illuminate\\Database\\Connectors\\Connector->createPdoConnection()
#2 /var/www/sonzaiigi.art/vendor/laravel/framework/src/Illuminate/Database/Connectors/Connector.php(48): Illuminate\\Database\\Connectors\\Connector->tryAgainIfCausedByLostConnection()
#3 /var/www/sonzaiigi.art/vendor/laravel/framework/src/Illuminate/Database/Connectors/MySqlConnector.php(24): Illuminate\\Database\\Connectors\\Connector->createConnection()
#4 /var/www/sonzaiigi.art/vendor/laravel/framework/src/Illuminate/Database/Connectors/ConnectionFactory.php(184): Illuminate\\Database\\Connectors\\MySqlConnector->connect()
#5 [internal function]: Illuminate\\Database\\Connectors\\ConnectionFactory->Illuminate\\Database\\Connectors\\{closure}()
#6 /var/www/sonzaiigi.art/vendor/laravel/framework/src/Illuminate/Database/Connection.php(1228): call_user_func()
#7 /var/www/sonzaiigi.art/vendor/laravel/framework/src/Illuminate/Database/Connection.php(1264): Illuminate\\Database\\Connection->getPdo()
#8 /var/www/sonzaiigi.art/vendor/laravel/framework/src/Illuminate/Database/Connection.php(509): Illuminate\\Database\\Connection->getReadPdo()
#9 /var/www/sonzaiigi.art/vendor/laravel/framework/src/Illuminate/Database/Connection.php(404): Illuminate\\Database\\Connection->getPdoForSelect()
#10 /var/www/sonzaiigi.art/vendor/laravel/framework/src/Illuminate/Database/Connection.php(809): Illuminate\\Database\\Connection->Illuminate\\Database\\{closure}()
#11 /var/www/sonzaiigi.art/vendor/laravel/framework/src/Illuminate/Database/Connection.php(976): Illuminate\\Database\\Connection->runQueryCallback()
#12 /var/www/sonzaiigi.art/vendor/laravel/framework/src/Illuminate/Database/Connection.php(955): Illuminate\\Database\\Connection->tryAgainIfCausedByLostConnection()
#13 /var/www/sonzaiigi.art/vendor/laravel/framework/src/Illuminate/Database/Connection.php(778): Illuminate\\Database\\Connection->handleQueryException()
#14 /var/www/sonzaiigi.art/vendor/laravel/framework/src/Illuminate/Database/Connection.php(395): Illuminate\\Database\\Connection->run()
#15 /var/www/sonzaiigi.art/vendor/laravel/framework/src/Illuminate/Database/Query/Builder.php(3120): Illuminate\\Database\\Connection->select()
#16 /var/www/sonzaiigi.art/vendor/laravel/framework/src/Illuminate/Database/Query/Builder.php(3105): Illuminate\\Database\\Query\\Builder->runSelect()
#17 /var/www/sonzaiigi.art/vendor/laravel/framework/src/Illuminate/Database/Query/Builder.php(3695): Illuminate\\Database\\Query\\Builder->Illuminate\\Database\\Query\\{closure}()
#18 /var/www/sonzaiigi.art/vendor/laravel/framework/src/Illuminate/Database/Query/Builder.php(3104): Illuminate\\Database\\Query\\Builder->onceWithColumns()
#19 /var/www/sonzaiigi.art/vendor/laravel/framework/src/Illuminate/Cache/DatabaseStore.php(129): Illuminate\\Database\\Query\\Builder->get()
#20 /var/www/sonzaiigi.art/vendor/laravel/framework/src/Illuminate/Cache/DatabaseStore.php(104): Illuminate\\Cache\\DatabaseStore->many()
#21 /var/www/sonzaiigi.art/vendor/laravel/framework/src/Illuminate/Cache/Repository.php(119): Illuminate\\Cache\\DatabaseStore->get()
#22 /var/www/sonzaiigi.art/vendor/laravel/framework/src/Illuminate/Queue/Worker.php(713): Illuminate\\Cache\\Repository->get()
#23 /var/www/sonzaiigi.art/vendor/laravel/framework/src/Illuminate/Queue/Worker.php(702): Illuminate\\Queue\\Worker->getTimestampOfLastQueueRestart()
#24 /var/www/sonzaiigi.art/vendor/laravel/framework/src/Illuminate/Queue/Worker.php(308): Illuminate\\Queue\\Worker->queueShouldRestart()
#25 /var/www/sonzaiigi.art/vendor/laravel/framework/src/Illuminate/Queue/Worker.php(193): Illuminate\\Queue\\Worker->stopIfNecessary()
#26 /var/www/sonzaiigi.art/vendor/laravel/framework/src/Illuminate/Queue/Console/WorkCommand.php(148): Illuminate\\Queue\\Worker->daemon()
#27 /var/www/sonzaiigi.art/vendor/laravel/framework/src/Illuminate/Queue/Console/WorkCommand.php(131): Illuminate\\Queue\\Console\\WorkCommand->runWorker()
#28 /var/www/sonzaiigi.art/vendor/laravel/framework/src/Illuminate/Container/BoundMethod.php(36): Illuminate\\Queue\\Console\\WorkCommand->handle()
#29 /var/www/sonzaiigi.art/vendor/laravel/framework/src/Illuminate/Container/Util.php(43): Illuminate\\Container\\BoundMethod::Illuminate\\Container\\{closure}()
#30 /var/www/sonzaiigi.art/vendor/laravel/framework/src/Illuminate/Container/BoundMethod.php(96): Illuminate\\Container\\Util::unwrapIfClosure()
#31 /var/www/sonzaiigi.art/vendor/laravel/framework/src/Illuminate/Container/BoundMethod.php(35): Illuminate\\Container\\BoundMethod::callBoundMethod()
#32 /var/www/sonzaiigi.art/vendor/laravel/framework/src/Illuminate/Container/Container.php(754): Illuminate\\Container\\BoundMethod::call()
#33 /var/www/sonzaiigi.art/vendor/laravel/framework/src/Illuminate/Console/Command.php(211): Illuminate\\Container\\Container->call()
#34 /var/www/sonzaiigi.art/vendor/symfony/console/Command/Command.php(279): Illuminate\\Console\\Command->execute()
#35 /var/www/sonzaiigi.art/vendor/laravel/framework/src/Illuminate/Console/Command.php(180): Symfony\\Component\\Console\\Command\\Command->run()
#36 /var/www/sonzaiigi.art/vendor/symfony/console/Application.php(1094): Illuminate\\Console\\Command->run()
#37 /var/www/sonzaiigi.art/vendor/symfony/console/Application.php(342): Symfony\\Component\\Console\\Application->doRunCommand()
#38 /var/www/sonzaiigi.art/vendor/symfony/console/Application.php(193): Symfony\\Component\\Console\\Application->doRun()
#39 /var/www/sonzaiigi.art/vendor/laravel/framework/src/Illuminate/Foundation/Console/Kernel.php(197): Symfony\\Component\\Console\\Application->run()
#40 /var/www/sonzaiigi.art/vendor/laravel/framework/src/Illuminate/Foundation/Application.php(1234): Illuminate\\Foundation\\Console\\Kernel->handle()
#41 /var/www/sonzaiigi.art/artisan(16): Illuminate\\Foundation\\Application->handleCommand()
#42 {main}
"} 
[2025-08-22 23:15:05] local.ERROR: SQLSTATE[HY000] [2002] Connection refused (Connection: mysql, SQL: select * from `cache` where `key` in (laravel_cache_illuminate:queue:restart)) {"exception":"[object] (Illuminate\\Database\\QueryException(code: 2002): SQLSTATE[HY000] [2002] Connection refused (Connection: mysql, SQL: select * from `cache` where `key` in (laravel_cache_illuminate:queue:restart)) at /var/www/sonzaiigi.art/vendor/laravel/framework/src/Illuminate/Database/Connection.php:822)
[stacktrace]
#0 /var/www/sonzaiigi.art/vendor/laravel/framework/src/Illuminate/Database/Connection.php(976): Illuminate\\Database\\Connection->runQueryCallback()
#1 /var/www/sonzaiigi.art/vendor/laravel/framework/src/Illuminate/Database/Connection.php(955): Illuminate\\Database\\Connection->tryAgainIfCausedByLostConnection()
#2 /var/www/sonzaiigi.art/vendor/laravel/framework/src/Illuminate/Database/Connection.php(778): Illuminate\\Database\\Connection->handleQueryException()
#3 /var/www/sonzaiigi.art/vendor/laravel/framework/src/Illuminate/Database/Connection.php(395): Illuminate\\Database\\Connection->run()
#4 /var/www/sonzaiigi.art/vendor/laravel/framework/src/Illuminate/Database/Query/Builder.php(3120): Illuminate\\Database\\Connection->select()
#5 /var/www/sonzaiigi.art/vendor/laravel/framework/src/Illuminate/Database/Query/Builder.php(3105): Illuminate\\Database\\Query\\Builder->runSelect()
#6 /var/www/sonzaiigi.art/vendor/laravel/framework/src/Illuminate/Database/Query/Builder.php(3695): Illuminate\\Database\\Query\\Builder->Illuminate\\Database\\Query\\{closure}()
#7 /var/www/sonzaiigi.art/vendor/laravel/framework/src/Illuminate/Database/Query/Builder.php(3104): Illuminate\\Database\\Query\\Builder->onceWithColumns()
#8 /var/www/sonzaiigi.art/vendor/laravel/framework/src/Illuminate/Cache/DatabaseStore.php(129): Illuminate\\Database\\Query\\Builder->get()
#9 /var/www/sonzaiigi.art/vendor/laravel/framework/src/Illuminate/Cache/DatabaseStore.php(104): Illuminate\\Cache\\DatabaseStore->many()
#10 /var/www/sonzaiigi.art/vendor/laravel/framework/src/Illuminate/Cache/Repository.php(119): Illuminate\\Cache\\DatabaseStore->get()
#11 /var/www/sonzaiigi.art/vendor/laravel/framework/src/Illuminate/Queue/Worker.php(713): Illuminate\\Cache\\Repository->get()
#12 /var/www/sonzaiigi.art/vendor/laravel/framework/src/Illuminate/Queue/Worker.php(702): Illuminate\\Queue\\Worker->getTimestampOfLastQueueRestart()
#13 /var/www/sonzaiigi.art/vendor/laravel/framework/src/Illuminate/Queue/Worker.php(308): Illuminate\\Queue\\Worker->queueShouldRestart()
#14 /var/www/sonzaiigi.art/vendor/laravel/framework/src/Illuminate/Queue/Worker.php(193): Illuminate\\Queue\\Worker->stopIfNecessary()
#15 /var/www/sonzaiigi.art/vendor/laravel/framework/src/Illuminate/Queue/Console/WorkCommand.php(148): Illuminate\\Queue\\Worker->daemon()
#16 /var/www/sonzaiigi.art/vendor/laravel/framework/src/Illuminate/Queue/Console/WorkCommand.php(131): Illuminate\\Queue\\Console\\WorkCommand->runWorker()
#17 /var/www/sonzaiigi.art/vendor/laravel/framework/src/Illuminate/Container/BoundMethod.php(36): Illuminate\\Queue\\Console\\WorkCommand->handle()
#18 /var/www/sonzaiigi.art/vendor/laravel/framework/src/Illuminate/Container/Util.php(43): Illuminate\\Container\\BoundMethod::Illuminate\\Container\\{closure}()
#19 /var/www/sonzaiigi.art/vendor/laravel/framework/src/Illuminate/Container/BoundMethod.php(96): Illuminate\\Container\\Util::unwrapIfClosure()
#20 /var/www/sonzaiigi.art/vendor/laravel/framework/src/Illuminate/Container/BoundMethod.php(35): Illuminate\\Container\\BoundMethod::callBoundMethod()
#21 /var/www/sonzaiigi.art/vendor/laravel/framework/src/Illuminate/Container/Container.php(754): Illuminate\\Container\\BoundMethod::call()
#22 /var/www/sonzaiigi.art/vendor/laravel/framework/src/Illuminate/Console/Command.php(211): Illuminate\\Container\\Container->call()
#23 /var/www/sonzaiigi.art/vendor/symfony/console/Command/Command.php(279): Illuminate\\Console\\Command->execute()
#24 /var/www/sonzaiigi.art/vendor/laravel/framework/src/Illuminate/Console/Command.php(180): Symfony\\Component\\Console\\Command\\Command->run()
#25 /var/www/sonzaiigi.art/vendor/symfony/console/Application.php(1094): Illuminate\\Console\\Command->run()
#26 /var/www/sonzaiigi.art/vendor/symfony/console/Application.php(342): Symfony\\Component\\Console\\Application->doRunCommand()
#27 /var/www/sonzaiigi.art/vendor/symfony/console/Application.php(193): Symfony\\Component\\Console\\Application->doRun()
#28 /var/www/sonzaiigi.art/vendor/laravel/framework/src/Illuminate/Foundation/Console/Kernel.php(197): Symfony\\Component\\Console\\Application->run()
#29 /var/www/sonzaiigi.art/vendor/laravel/framework/src/Illuminate/Foundation/Application.php(1234): Illuminate\\Foundation\\Console\\Kernel->handle()
#30 /var/www/sonzaiigi.art/artisan(16): Illuminate\\Foundation\\Application->handleCommand()
#31 {main}

[previous exception] [object] (PDOException(code: 2002): SQLSTATE[HY000] [2002] Connection refused at /var/www/sonzaiigi.art/vendor/laravel/framework/src/Illuminate/Database/Connectors/Connector.php:66)
[stacktrace]
#0 /var/www/sonzaiigi.art/vendor/laravel/framework/src/Illuminate/Database/Connectors/Connector.php(66): PDO->__construct()
#1 /var/www/sonzaiigi.art/vendor/laravel/framework/src/Illuminate/Database/Connectors/Connector.php(85): Illuminate\\Database\\Connectors\\Connector->createPdoConnection()
#2 /var/www/sonzaiigi.art/vendor/laravel/framework/src/Illuminate/Database/Connectors/Connector.php(48): Illuminate\\Database\\Connectors\\Connector->tryAgainIfCausedByLostConnection()
#3 /var/www/sonzaiigi.art/vendor/laravel/framework/src/Illuminate/Database/Connectors/MySqlConnector.php(24): Illuminate\\Database\\Connectors\\Connector->createConnection()
#4 /var/www/sonzaiigi.art/vendor/laravel/framework/src/Illuminate/Database/Connectors/ConnectionFactory.php(184): Illuminate\\Database\\Connectors\\MySqlConnector->connect()
#5 [internal function]: Illuminate\\Database\\Connectors\\ConnectionFactory->Illuminate\\Database\\Connectors\\{closure}()
#6 /var/www/sonzaiigi.art/vendor/laravel/framework/src/Illuminate/Database/Connection.php(1228): call_user_func()
#7 /var/www/sonzaiigi.art/vendor/laravel/framework/src/Illuminate/Database/Connection.php(1264): Illuminate\\Database\\Connection->getPdo()
#8 /var/www/sonzaiigi.art/vendor/laravel/framework/src/Illuminate/Database/Connection.php(509): Illuminate\\Database\\Connection->getReadPdo()
#9 /var/www/sonzaiigi.art/vendor/laravel/framework/src/Illuminate/Database/Connection.php(404): Illuminate\\Database\\Connection->getPdoForSelect()
#10 /var/www/sonzaiigi.art/vendor/laravel/framework/src/Illuminate/Database/Connection.php(809): Illuminate\\Database\\Connection->Illuminate\\Database\\{closure}()
#11 /var/www/sonzaiigi.art/vendor/laravel/framework/src/Illuminate/Database/Connection.php(976): Illuminate\\Database\\Connection->runQueryCallback()
#12 /var/www/sonzaiigi.art/vendor/laravel/framework/src/Illuminate/Database/Connection.php(955): Illuminate\\Database\\Connection->tryAgainIfCausedByLostConnection()
#13 /var/www/sonzaiigi.art/vendor/laravel/framework/src/Illuminate/Database/Connection.php(778): Illuminate\\Database\\Connection->handleQueryException()
#14 /var/www/sonzaiigi.art/vendor/laravel/framework/src/Illuminate/Database/Connection.php(395): Illuminate\\Database\\Connection->run()
#15 /var/www/sonzaiigi.art/vendor/laravel/framework/src/Illuminate/Database/Query/Builder.php(3120): Illuminate\\Database\\Connection->select()
#16 /var/www/sonzaiigi.art/vendor/laravel/framework/src/Illuminate/Database/Query/Builder.php(3105): Illuminate\\Database\\Query\\Builder->runSelect()
#17 /var/www/sonzaiigi.art/vendor/laravel/framework/src/Illuminate/Database/Query/Builder.php(3695): Illuminate\\Database\\Query\\Builder->Illuminate\\Database\\Query\\{closure}()
#18 /var/www/sonzaiigi.art/vendor/laravel/framework/src/Illuminate/Database/Query/Builder.php(3104): Illuminate\\Database\\Query\\Builder->onceWithColumns()
#19 /var/www/sonzaiigi.art/vendor/laravel/framework/src/Illuminate/Cache/DatabaseStore.php(129): Illuminate\\Database\\Query\\Builder->get()
#20 /var/www/sonzaiigi.art/vendor/laravel/framework/src/Illuminate/Cache/DatabaseStore.php(104): Illuminate\\Cache\\DatabaseStore->many()
#21 /var/www/sonzaiigi.art/vendor/laravel/framework/src/Illuminate/Cache/Repository.php(119): Illuminate\\Cache\\DatabaseStore->get()
#22 /var/www/sonzaiigi.art/vendor/laravel/framework/src/Illuminate/Queue/Worker.php(713): Illuminate\\Cache\\Repository->get()
#23 /var/www/sonzaiigi.art/vendor/laravel/framework/src/Illuminate/Queue/Worker.php(702): Illuminate\\Queue\\Worker->getTimestampOfLastQueueRestart()
#24 /var/www/sonzaiigi.art/vendor/laravel/framework/src/Illuminate/Queue/Worker.php(308): Illuminate\\Queue\\Worker->queueShouldRestart()
#25 /var/www/sonzaiigi.art/vendor/laravel/framework/src/Illuminate/Queue/Worker.php(193): Illuminate\\Queue\\Worker->stopIfNecessary()
#26 /var/www/sonzaiigi.art/vendor/laravel/framework/src/Illuminate/Queue/Console/WorkCommand.php(148): Illuminate\\Queue\\Worker->daemon()
#27 /var/www/sonzaiigi.art/vendor/laravel/framework/src/Illuminate/Queue/Console/WorkCommand.php(131): Illuminate\\Queue\\Console\\WorkCommand->runWorker()
#28 /var/www/sonzaiigi.art/vendor/laravel/framework/src/Illuminate/Container/BoundMethod.php(36): Illuminate\\Queue\\Console\\WorkCommand->handle()
#29 /var/www/sonzaiigi.art/vendor/laravel/framework/src/Illuminate/Container/Util.php(43): Illuminate\\Container\\BoundMethod::Illuminate\\Container\\{closure}()
#30 /var/www/sonzaiigi.art/vendor/laravel/framework/src/Illuminate/Container/BoundMethod.php(96): Illuminate\\Container\\Util::unwrapIfClosure()
#31 /var/www/sonzaiigi.art/vendor/laravel/framework/src/Illuminate/Container/BoundMethod.php(35): Illuminate\\Container\\BoundMethod::callBoundMethod()
#32 /var/www/sonzaiigi.art/vendor/laravel/framework/src/Illuminate/Container/Container.php(754): Illuminate\\Container\\BoundMethod::call()
#33 /var/www/sonzaiigi.art/vendor/laravel/framework/src/Illuminate/Console/Command.php(211): Illuminate\\Container\\Container->call()
#34 /var/www/sonzaiigi.art/vendor/symfony/console/Command/Command.php(279): Illuminate\\Console\\Command->execute()
#35 /var/www/sonzaiigi.art/vendor/laravel/framework/src/Illuminate/Console/Command.php(180): Symfony\\Component\\Console\\Command\\Command->run()
#36 /var/www/sonzaiigi.art/vendor/symfony/console/Application.php(1094): Illuminate\\Console\\Command->run()
#37 /var/www/sonzaiigi.art/vendor/symfony/console/Application.php(342): Symfony\\Component\\Console\\Application->doRunCommand()
#38 /var/www/sonzaiigi.art/vendor/symfony/console/Application.php(193): Symfony\\Component\\Console\\Application->doRun()
#39 /var/www/sonzaiigi.art/vendor/laravel/framework/src/Illuminate/Foundation/Console/Kernel.php(197): Symfony\\Component\\Console\\Application->run()
#40 /var/www/sonzaiigi.art/vendor/laravel/framework/src/Illuminate/Foundation/Application.php(1234): Illuminate\\Foundation\\Console\\Kernel->handle()
#41 /var/www/sonzaiigi.art/artisan(16): Illuminate\\Foundation\\Application->handleCommand()
#42 {main}
"} 
[2025-08-22 23:15:05] local.ERROR: SQLSTATE[HY000] [2002] Connection refused (Connection: mysql, SQL: select * from `cache` where `key` in (laravel_cache_illuminate:queue:restart)) {"exception":"[object] (Illuminate\\Database\\QueryException(code: 2002): SQLSTATE[HY000] [2002] Connection refused (Connection: mysql, SQL: select * from `cache` where `key` in (laravel_cache_illuminate:queue:restart)) at /var/www/sonzaiigi.art/vendor/laravel/framework/src/Illuminate/Database/Connection.php:822)
[stacktrace]
#0 /var/www/sonzaiigi.art/vendor/laravel/framework/src/Illuminate/Database/Connection.php(976): Illuminate\\Database\\Connection->runQueryCallback()
#1 /var/www/sonzaiigi.art/vendor/laravel/framework/src/Illuminate/Database/Connection.php(955): Illuminate\\Database\\Connection->tryAgainIfCausedByLostConnection()
#2 /var/www/sonzaiigi.art/vendor/laravel/framework/src/Illuminate/Database/Connection.php(778): Illuminate\\Database\\Connection->handleQueryException()
#3 /var/www/sonzaiigi.art/vendor/laravel/framework/src/Illuminate/Database/Connection.php(395): Illuminate\\Database\\Connection->run()
#4 /var/www/sonzaiigi.art/vendor/laravel/framework/src/Illuminate/Database/Query/Builder.php(3120): Illuminate\\Database\\Connection->select()
#5 /var/www/sonzaiigi.art/vendor/laravel/framework/src/Illuminate/Database/Query/Builder.php(3105): Illuminate\\Database\\Query\\Builder->runSelect()
#6 /var/www/sonzaiigi.art/vendor/laravel/framework/src/Illuminate/Database/Query/Builder.php(3695): Illuminate\\Database\\Query\\Builder->Illuminate\\Database\\Query\\{closure}()
#7 /var/www/sonzaiigi.art/vendor/laravel/framework/src/Illuminate/Database/Query/Builder.php(3104): Illuminate\\Database\\Query\\Builder->onceWithColumns()
#8 /var/www/sonzaiigi.art/vendor/laravel/framework/src/Illuminate/Cache/DatabaseStore.php(129): Illuminate\\Database\\Query\\Builder->get()
#9 /var/www/sonzaiigi.art/vendor/laravel/framework/src/Illuminate/Cache/DatabaseStore.php(104): Illuminate\\Cache\\DatabaseStore->many()
#10 /var/www/sonzaiigi.art/vendor/laravel/framework/src/Illuminate/Cache/Repository.php(119): Illuminate\\Cache\\DatabaseStore->get()
#11 /var/www/sonzaiigi.art/vendor/laravel/framework/src/Illuminate/Queue/Worker.php(713): Illuminate\\Cache\\Repository->get()
#12 /var/www/sonzaiigi.art/vendor/laravel/framework/src/Illuminate/Queue/Worker.php(702): Illuminate\\Queue\\Worker->getTimestampOfLastQueueRestart()
#13 /var/www/sonzaiigi.art/vendor/laravel/framework/src/Illuminate/Queue/Worker.php(308): Illuminate\\Queue\\Worker->queueShouldRestart()
#14 /var/www/sonzaiigi.art/vendor/laravel/framework/src/Illuminate/Queue/Worker.php(193): Illuminate\\Queue\\Worker->stopIfNecessary()
#15 /var/www/sonzaiigi.art/vendor/laravel/framework/src/Illuminate/Queue/Console/WorkCommand.php(148): Illuminate\\Queue\\Worker->daemon()
#16 /var/www/sonzaiigi.art/vendor/laravel/framework/src/Illuminate/Queue/Console/WorkCommand.php(131): Illuminate\\Queue\\Console\\WorkCommand->runWorker()
#17 /var/www/sonzaiigi.art/vendor/laravel/framework/src/Illuminate/Container/BoundMethod.php(36): Illuminate\\Queue\\Console\\WorkCommand->handle()
#18 /var/www/sonzaiigi.art/vendor/laravel/framework/src/Illuminate/Container/Util.php(43): Illuminate\\Container\\BoundMethod::Illuminate\\Container\\{closure}()
#19 /var/www/sonzaiigi.art/vendor/laravel/framework/src/Illuminate/Container/BoundMethod.php(96): Illuminate\\Container\\Util::unwrapIfClosure()
#20 /var/www/sonzaiigi.art/vendor/laravel/framework/src/Illuminate/Container/BoundMethod.php(35): Illuminate\\Container\\BoundMethod::callBoundMethod()
#21 /var/www/sonzaiigi.art/vendor/laravel/framework/src/Illuminate/Container/Container.php(754): Illuminate\\Container\\BoundMethod::call()
#22 /var/www/sonzaiigi.art/vendor/laravel/framework/src/Illuminate/Console/Command.php(211): Illuminate\\Container\\Container->call()
#23 /var/www/sonzaiigi.art/vendor/symfony/console/Command/Command.php(279): Illuminate\\Console\\Command->execute()
#24 /var/www/sonzaiigi.art/vendor/laravel/framework/src/Illuminate/Console/Command.php(180): Symfony\\Component\\Console\\Command\\Command->run()
#25 /var/www/sonzaiigi.art/vendor/symfony/console/Application.php(1094): Illuminate\\Console\\Command->run()
#26 /var/www/sonzaiigi.art/vendor/symfony/console/Application.php(342): Symfony\\Component\\Console\\Application->doRunCommand()
#27 /var/www/sonzaiigi.art/vendor/symfony/console/Application.php(193): Symfony\\Component\\Console\\Application->doRun()
#28 /var/www/sonzaiigi.art/vendor/laravel/framework/src/Illuminate/Foundation/Console/Kernel.php(197): Symfony\\Component\\Console\\Application->run()
#29 /var/www/sonzaiigi.art/vendor/laravel/framework/src/Illuminate/Foundation/Application.php(1234): Illuminate\\Foundation\\Console\\Kernel->handle()
#30 /var/www/sonzaiigi.art/artisan(16): Illuminate\\Foundation\\Application->handleCommand()
#31 {main}

[previous exception] [object] (PDOException(code: 2002): SQLSTATE[HY000] [2002] Connection refused at /var/www/sonzaiigi.art/vendor/laravel/framework/src/Illuminate/Database/Connectors/Connector.php:66)
[stacktrace]
#0 /var/www/sonzaiigi.art/vendor/laravel/framework/src/Illuminate/Database/Connectors/Connector.php(66): PDO->__construct()
#1 /var/www/sonzaiigi.art/vendor/laravel/framework/src/Illuminate/Database/Connectors/Connector.php(85): Illuminate\\Database\\Connectors\\Connector->createPdoConnection()
#2 /var/www/sonzaiigi.art/vendor/laravel/framework/src/Illuminate/Database/Connectors/Connector.php(48): Illuminate\\Database\\Connectors\\Connector->tryAgainIfCausedByLostConnection()
#3 /var/www/sonzaiigi.art/vendor/laravel/framework/src/Illuminate/Database/Connectors/MySqlConnector.php(24): Illuminate\\Database\\Connectors\\Connector->createConnection()
#4 /var/www/sonzaiigi.art/vendor/laravel/framework/src/Illuminate/Database/Connectors/ConnectionFactory.php(184): Illuminate\\Database\\Connectors\\MySqlConnector->connect()
#5 [internal function]: Illuminate\\Database\\Connectors\\ConnectionFactory->Illuminate\\Database\\Connectors\\{closure}()
#6 /var/www/sonzaiigi.art/vendor/laravel/framework/src/Illuminate/Database/Connection.php(1228): call_user_func()
#7 /var/www/sonzaiigi.art/vendor/laravel/framework/src/Illuminate/Database/Connection.php(1264): Illuminate\\Database\\Connection->getPdo()
#8 /var/www/sonzaiigi.art/vendor/laravel/framework/src/Illuminate/Database/Connection.php(509): Illuminate\\Database\\Connection->getReadPdo()
#9 /var/www/sonzaiigi.art/vendor/laravel/framework/src/Illuminate/Database/Connection.php(404): Illuminate\\Database\\Connection->getPdoForSelect()
#10 /var/www/sonzaiigi.art/vendor/laravel/framework/src/Illuminate/Database/Connection.php(809): Illuminate\\Database\\Connection->Illuminate\\Database\\{closure}()
#11 /var/www/sonzaiigi.art/vendor/laravel/framework/src/Illuminate/Database/Connection.php(976): Illuminate\\Database\\Connection->runQueryCallback()
#12 /var/www/sonzaiigi.art/vendor/laravel/framework/src/Illuminate/Database/Connection.php(955): Illuminate\\Database\\Connection->tryAgainIfCausedByLostConnection()
#13 /var/www/sonzaiigi.art/vendor/laravel/framework/src/Illuminate/Database/Connection.php(778): Illuminate\\Database\\Connection->handleQueryException()
#14 /var/www/sonzaiigi.art/vendor/laravel/framework/src/Illuminate/Database/Connection.php(395): Illuminate\\Database\\Connection->run()
#15 /var/www/sonzaiigi.art/vendor/laravel/framework/src/Illuminate/Database/Query/Builder.php(3120): Illuminate\\Database\\Connection->select()
#16 /var/www/sonzaiigi.art/vendor/laravel/framework/src/Illuminate/Database/Query/Builder.php(3105): Illuminate\\Database\\Query\\Builder->runSelect()
#17 /var/www/sonzaiigi.art/vendor/laravel/framework/src/Illuminate/Database/Query/Builder.php(3695): Illuminate\\Database\\Query\\Builder->Illuminate\\Database\\Query\\{closure}()
#18 /var/www/sonzaiigi.art/vendor/laravel/framework/src/Illuminate/Database/Query/Builder.php(3104): Illuminate\\Database\\Query\\Builder->onceWithColumns()
#19 /var/www/sonzaiigi.art/vendor/laravel/framework/src/Illuminate/Cache/DatabaseStore.php(129): Illuminate\\Database\\Query\\Builder->get()
#20 /var/www/sonzaiigi.art/vendor/laravel/framework/src/Illuminate/Cache/DatabaseStore.php(104): Illuminate\\Cache\\DatabaseStore->many()
#21 /var/www/sonzaiigi.art/vendor/laravel/framework/src/Illuminate/Cache/Repository.php(119): Illuminate\\Cache\\DatabaseStore->get()
#22 /var/www/sonzaiigi.art/vendor/laravel/framework/src/Illuminate/Queue/Worker.php(713): Illuminate\\Cache\\Repository->get()
#23 /var/www/sonzaiigi.art/vendor/laravel/framework/src/Illuminate/Queue/Worker.php(702): Illuminate\\Queue\\Worker->getTimestampOfLastQueueRestart()
#24 /var/www/sonzaiigi.art/vendor/laravel/framework/src/Illuminate/Queue/Worker.php(308): Illuminate\\Queue\\Worker->queueShouldRestart()
#25 /var/www/sonzaiigi.art/vendor/laravel/framework/src/Illuminate/Queue/Worker.php(193): Illuminate\\Queue\\Worker->stopIfNecessary()
#26 /var/www/sonzaiigi.art/vendor/laravel/framework/src/Illuminate/Queue/Console/WorkCommand.php(148): Illuminate\\Queue\\Worker->daemon()
#27 /var/www/sonzaiigi.art/vendor/laravel/framework/src/Illuminate/Queue/Console/WorkCommand.php(131): Illuminate\\Queue\\Console\\WorkCommand->runWorker()
#28 /var/www/sonzaiigi.art/vendor/laravel/framework/src/Illuminate/Container/BoundMethod.php(36): Illuminate\\Queue\\Console\\WorkCommand->handle()
#29 /var/www/sonzaiigi.art/vendor/laravel/framework/src/Illuminate/Container/Util.php(43): Illuminate\\Container\\BoundMethod::Illuminate\\Container\\{closure}()
#30 /var/www/sonzaiigi.art/vendor/laravel/framework/src/Illuminate/Container/BoundMethod.php(96): Illuminate\\Container\\Util::unwrapIfClosure()
#31 /var/www/sonzaiigi.art/vendor/laravel/framework/src/Illuminate/Container/BoundMethod.php(35): Illuminate\\Container\\BoundMethod::callBoundMethod()
#32 /var/www/sonzaiigi.art/vendor/laravel/framework/src/Illuminate/Container/Container.php(754): Illuminate\\Container\\BoundMethod::call()
#33 /var/www/sonzaiigi.art/vendor/laravel/framework/src/Illuminate/Console/Command.php(211): Illuminate\\Container\\Container->call()
#34 /var/www/sonzaiigi.art/vendor/symfony/console/Command/Command.php(279): Illuminate\\Console\\Command->execute()
#35 /var/www/sonzaiigi.art/vendor/laravel/framework/src/Illuminate/Console/Command.php(180): Symfony\\Component\\Console\\Command\\Command->run()
#36 /var/www/sonzaiigi.art/vendor/symfony/console/Application.php(1094): Illuminate\\Console\\Command->run()
#37 /var/www/sonzaiigi.art/vendor/symfony/console/Application.php(342): Symfony\\Component\\Console\\Application->doRunCommand()
#38 /var/www/sonzaiigi.art/vendor/symfony/console/Application.php(193): Symfony\\Component\\Console\\Application->doRun()
#39 /var/www/sonzaiigi.art/vendor/laravel/framework/src/Illuminate/Foundation/Console/Kernel.php(197): Symfony\\Component\\Console\\Application->run()
#40 /var/www/sonzaiigi.art/vendor/laravel/framework/src/Illuminate/Foundation/Application.php(1234): Illuminate\\Foundation\\Console\\Kernel->handle()
#41 /var/www/sonzaiigi.art/artisan(16): Illuminate\\Foundation\\Application->handleCommand()
#42 {main}
"} 
